<?xml version="1.0" encoding="UTF-8" ?>
<testsuite tests="9" failures="0" errors="0" skipped="0" time="0.032" name="module 'ulitos_file'">
  <testcase time="0.000" name="ulitos_file:non_existing_file_returns_error_test/0_0"/>
  <testcase time="0.001" name="ulitos_file:non_directory_input_returns_error_test/0_0"/>
  <testcase time="0.000" name="ulitos_file:list_simple_t/1_180"/>
  <testcase time="0.000" name="ulitos_file:list_nofiles_t/1_185"/>
  <testcase time="0.000" name="ulitos_file:list_filesonly_t/1_190"/>
  <testcase time="0.000" name="ulitos_file:del_no_dir_t/1_206"/>
  <testcase time="0.000" name="ulitos_file:del_no_dir_t/1_207"/>
  <testcase time="0.001" name="ulitos_file:del_simple_t/1_212"/>
  <testcase time="0.000" name="ulitos_file:del_simple_t/1_213"/>
</testsuite>
